{"/Users/Ergil/Desktop/Cyprus Codes/Projects/cruise-ships/src/cruiseships.js": {"path":"/Users/Ergil/Desktop/Cyprus Codes/Projects/cruise-ships/src/cruiseships.js","statementMap":{"0":{"start":{"line":3,"column":8},"end":{"line":3,"column":29}},"1":{"start":{"line":4,"column":8},"end":{"line":4,"column":40}},"2":{"start":{"line":10,"column":0},"end":{"line":10,"column":22}}},"fnMap":{"0":{"name":"(anonymous_0)","decl":{"start":{"line":2,"column":4},"end":{"line":2,"column":5}},"loc":{"start":{"line":2,"column":40},"end":{"line":5,"column":5}},"line":2}},"branchMap":{},"s":{"0":3,"1":3,"2":1},"f":{"0":3},"b":{},"_coverageSchema":"1a1c01bbd47fc00a2c39e90264f33305004495a9","hash":"3eb716e663e1b6804730c4e2120d91ff4737290a"}
}
